"../../../Projects/RockPaperScissors/Content/RPSMain/HUD/Fonts/MouseMemoirs-Regular.uasset" 0
"../../../Projects/RockPaperScissors/Content/RPSMain/HUD/Fonts/MouseMemoirs-Regular_Font.uasset" 1
"../../../Projects/RockPaperScissors/Content/StarterContent/Textures/T_Wood_Walnut_D.uasset" 2
"../../../Projects/RockPaperScissors/Content/RPSMain/Meshes/Frame/Frame.uasset" 3
"../../../Projects/RockPaperScissors/Content/RPSMain/Meshes/Frame/3MetaDFrame_Cube.uasset" 4
"../../../Projects/RockPaperScissors/Content/RPSMain/Meshes/Lamp/BP_Lamp.uasset" 5
"../../../Projects/RockPaperScissors/Content/RPSMain/Meshes/Paper/internal_ground_ao_texture.uasset" 6
"../../../Projects/RockPaperScissors/Content/RPSMain/Meshes/Paper/ppPaper_1001_Height.uasset" 7
"../../../Projects/RockPaperScissors/Content/RPSMain/Meshes/Rock/StoneBig_d.uasset" 8
"../../../Projects/RockPaperScissors/Content/RPSMain/Meshes/Rock/StoneBig_r.uasset" 9
"../../../Projects/RockPaperScissors/Content/RPSMain/Meshes/Rock/StoneBig_s_.uasset" 10
"../../../Projects/RockPaperScissors/Content/RPSMain/Meshes/Scissors/Scissors_high_1_high_PhysicsAsset.uasset" 11
"../../../Projects/RockPaperScissors/Content/RPSMain/Meshes/Scissors/Scissors_high_1_high_Skeleton.uasset" 12
"../../../Projects/RockPaperScissors/Content/RPSMain/Meshes/Scissors/Scissors_high_2_high_PhysicsAsset.uasset" 13
"../../../Projects/RockPaperScissors/Content/RPSMain/Meshes/Scissors/Scissors_high_2_high_Skeleton.uasset" 14
"../../../Projects/RockPaperScissors/Content/RPSMain/Meshes/Scissors/Scissors_high_3_high_Skeleton.uasset" 15
"../../../Projects/RockPaperScissors/Content/RPSMain/Meshes/Scissors/Scissors_high.uasset" 16
"../../../Projects/RockPaperScissors/Content/RPSMain/Meshes/Table/Desk_Albedo_tga.uasset" 17
"../../../Projects/RockPaperScissors/Content/RPSMain/Meshes/Table/Desk_Roughness_tga.uasset" 18
"../../../Projects/RockPaperScissors/Content/RPSMain/Meshes/Table/01_-_Default.uasset" 19
"../../../Projects/RockPaperScissors/Content/RPSMain/Meshes/Table/Desk_PhysicsAsset.uasset" 20
"../../../Projects/RockPaperScissors/Content/RPSMain/Meshes/Table/Desk_Skeleton.uasset" 21
"../../../Projects/RockPaperScissors/Content/RPSMain/Meshes/Table/SM_Desk.uasset" 22
"../../../Projects/RockPaperScissors/Content/RPSMain/Opponent/Model/T_Opponent_Diffuse.uasset" 23
"../../../Projects/RockPaperScissors/Content/RPSMain/Opponent/Model/T_Opponent_Gloss.uasset" 24
"../../../Projects/RockPaperScissors/Content/RPSMain/Opponent/Model/T_Opponent_Normal.uasset" 25
"../../../Projects/RockPaperScissors/Content/RPSMain/Opponent/Model/T_Opponent_Specular.uasset" 26
"../../../Projects/RockPaperScissors/Content/RPSMain/Opponent/Model/M_Opponent_Body.uasset" 27
"../../../Projects/RockPaperScissors/Content/RPSMain/Opponent/Model/M_Opponent_Hair.uasset" 28
"../../../Projects/RockPaperScissors/Content/RPSMain/Opponent/Model/PA_Opponent.uasset" 29
"../../../Projects/RockPaperScissors/Content/RPSMain/Opponent/Model/S_Opponent.uasset" 30
"../../../Projects/RockPaperScissors/Content/RPSMain/Opponent/Model/SM_Opponent.uasset" 31
"../../../Projects/RockPaperScissors/Content/RPSMain/Opponent/Model/Ch28_nonPBR.uasset" 32
"../../../Projects/RockPaperScissors/Content/StarterContent/Materials/M_Basic_Wall.uasset" 33
"../../../Projects/RockPaperScissors/Content/StarterContent/Shapes/Shape_Sphere.uasset" 34
"../../../Projects/RockPaperScissors/Content/RPSMain/Player/BP_Player.uasset" 35
"../../../Engine/Content/Animation/DefaultAnimCurveCompressionSettings.uasset" 36
"../../../Engine/Content/Functions/Engine_MaterialFunctions01/Opacity/CameraDepthFade.uasset" 37
"../../../Engine/Content/EngineMaterials/T_Default_Material_Grid_M.uasset" 38
"../../../Engine/Content/EngineMaterials/T_Default_Material_Grid_N.uasset" 39
"../../../Engine/Content/EngineMaterials/WorldGridMaterial.uasset" 40
"../../../Engine/Content/ArtTools/RenderToTexture/Meshes/S_1_Unit_Plane.uasset" 41
"../../../Engine/Content/EngineMaterials/DefaultMaterial.uasset" 42
"../../../Engine/Content/BasicShapes/Cone.uasset" 43
"../../../Engine/Content/BasicShapes/Cylinder.uasset" 44
"../../../Engine/Content/BasicShapes/Sphere.uasset" 45
"../../../Engine/Content/EditorLandscapeResources/DataLayer.uasset" 46
"../../../Engine/Content/EditorMaterials/GizmoMaterial.uasset" 47
"../../../Engine/Content/EditorMaterials/MAT_Groups_Toggle.uasset" 48
"../../../Engine/Content/EditorMaterials/MAT_Groups_Visibility.uasset" 49
"../../../Engine/Content/EditorMaterials/PreviewShadowIndicator.uasset" 50
"../../../Engine/Content/EditorMaterials/PreviewShadowIndicatorMaterial.uasset" 51
"../../../Engine/Content/EditorMaterials/MatineeGroups/MAT_ColorTrack.uasset" 52
"../../../Engine/Content/EditorMaterials/MatineeGroups/MAT_Groups_Anim.uasset" 53
"../../../Engine/Content/EditorMaterials/MatineeGroups/MAT_Groups_AudioMaster.uasset" 54
"../../../Engine/Content/EditorMaterials/MatineeGroups/MAT_Groups_Director.uasset" 55
"../../../Engine/Content/EditorMaterials/MatineeGroups/MAT_Groups_Event.uasset" 56
"../../../Engine/Content/EditorMaterials/MatineeGroups/MAT_Groups_Fade.uasset" 57
"../../../Engine/Content/EditorMaterials/MatineeGroups/MAT_Groups_Float.uasset" 58
"../../../Engine/Content/EditorMaterials/MatineeGroups/MAT_Groups_Move.uasset" 59
"../../../Engine/Content/EditorMaterials/MatineeGroups/MAT_Groups_Slomo.uasset" 60
"../../../Engine/Content/EditorMaterials/MatineeGroups/MAT_Groups_Sound.uasset" 61
"../../../Engine/Content/EditorMaterials/MatineeGroups/MAT_Groups_Vector.uasset" 62
"../../../Engine/Content/EditorMaterials/ParticleSystems/PSysThumbnail_NoImage.uasset" 63
"../../../Engine/Content/EditorMaterials/ParticleSystems/PSysThumbnail_OOD.uasset" 64
"../../../Engine/Content/EditorMaterials/Camera/CineMat.uasset" 65
"../../../Engine/Content/EditorMaterials/Camera/MI_CineMat_Rig.uasset" 66
"../../../Engine/Content/EditorMeshes/Camera/SM_CraneRig_Arm.uasset" 67
"../../../Engine/Content/EditorMeshes/Camera/SM_CraneRig_Base.uasset" 68
"../../../Engine/Content/EditorMeshes/Camera/SM_CraneRig_Body.uasset" 69
"../../../Engine/Content/EditorMeshes/Camera/SM_CraneRig_Mount.uasset" 70
"../../../Engine/Content/EditorMeshes/Camera/SM_RailRig_Mount.uasset" 71
"../../../Engine/Content/EditorMeshes/Camera/SM_RailRig_Track.uasset" 72
"../../../Engine/Content/EditorResources/BSPVertex.uasset" 73
"../../../Engine/Content/EditorResources/EmptyActor.uasset" 74
"../../../Engine/Content/EditorResources/S_Actor.uasset" 75
"../../../Engine/Content/EditorResources/S_Note.uasset" 76
"../../../Engine/Content/EditorResources/S_Solver.uasset" 77
"../../../Engine/Content/EditorResources/S_Trigger.uasset" 78
"../../../Engine/Content/EditorResources/AudioIcons/S_AudioComponent_AutoActivate.uasset" 79
"../../../Engine/Content/EditorResources/LightIcons/S_LightError.uasset" 80
"../../../Engine/Content/EditorResources/SequenceRecorder/Countdown.uasset" 81
"../../../Engine/Content/EditorResources/SequenceRecorder/RecordingIndicator.uasset" 82
"../../../Engine/Content/EditorSounds/Notifications/CompileFailed.uasset" 83
"../../../Engine/Content/EditorSounds/Notifications/CompileFailed_Cue.uasset" 84
"../../../Engine/Content/EditorSounds/Notifications/CompileSuccess.uasset" 85
"../../../Engine/Content/EditorSounds/Notifications/CompileStart_Cue.uasset" 86
"../../../Engine/Content/EditorSounds/Notifications/CompileSuccess_Cue.uasset" 87
"../../../Engine/Content/EngineDamageTypes/DmgTypeBP_Environmental.uasset" 88
"../../../Engine/Content/EngineDebugMaterials/HeatmapGradient.uasset" 89
"../../../Engine/Content/EngineDebugMaterials/BoneWeightMaterial.uasset" 90
"../../../Engine/Content/EngineDebugMaterials/ClothMaterial.uasset" 91
"../../../Engine/Content/EngineDebugMaterials/ClothMaterial_WF.uasset" 92
"../../../Engine/Content/EngineDebugMaterials/DebugEditorMaterial.uasset" 93
"../../../Engine/Content/EngineDebugMaterials/DebugMeshMaterial.uasset" 94
"../../../Engine/Content/EngineDebugMaterials/GeomMaterial.uasset" 95
"../../../Engine/Content/EngineDebugMaterials/M_SimpleTranslucent.uasset" 96
"../../../Engine/Content/Functions/Engine_MaterialFunctions02/Utility/CameraDirectionVector.uasset" 97
"../../../Engine/Content/EngineDebugMaterials/VolumeToRender.uasset" 98
"../../../Engine/Content/EngineDebugMaterials/M_VolumeRenderSphereTracePP.uasset" 99
"../../../Engine/Content/EngineDebugMaterials/WireframeMaterial.uasset" 100
"../../../Engine/Content/EngineFonts/Faces/RobotoBold.uasset" 101
"../../../Engine/Content/EngineFonts/Faces/RobotoBoldItalic.uasset" 102
"../../../Engine/Content/EngineFonts/Faces/RobotoItalic.uasset" 103
"../../../Engine/Content/EngineFonts/Faces/RobotoLight.uasset" 104
"../../../Engine/Content/EngineFonts/Faces/RobotoRegular.uasset" 105
"../../../Engine/Content/EngineFonts/Roboto.uasset" 106
"../../../Engine/Content/EngineMaterials/BaseFlattenDiffuseMap.uasset" 107
"../../../Engine/Content/EngineMaterials/BaseFlattenEmissiveMap.uasset" 108
"../../../Engine/Content/EngineMaterials/BaseFlattenGrayscaleMap.uasset" 109
"../../../Engine/Content/EngineMaterials/BaseFlattenNormalMap.uasset" 110
"../../../Engine/Content/EngineMaterials/BaseFlattenMaterial.uasset" 111
"../../../Engine/Content/EngineMaterials/BlueNoise.uasset" 112
"../../../Engine/Content/EngineMaterials/DefaultBloomKernel.uasset" 113
"../../../Engine/Content/EngineMaterials/DefaultBokeh.uasset" 114
"../../../Engine/Content/EngineMaterials/DefaultDiffuse.uasset" 115
"../../../Engine/Content/EngineMaterials/DefaultDeferredDecalMaterial.uasset" 116
"../../../Engine/Content/EngineMaterials/DefaultLightFunctionMaterial.uasset" 117
"../../../Engine/Content/EngineMaterials/DefaultPhysicalMaterial.uasset" 118
"../../../Engine/Content/Functions/Engine_MaterialFunctions02/Utility/BreakOutFloat2Components.uasset" 119
"../../../Engine/Content/EngineMaterials/DefaultPostProcessMaterial.uasset" 120
"../../../Engine/Content/EngineFonts/RobotoDistanceField.uasset" 121
"../../../Engine/Content/EngineMaterials/DefaultTextMaterialOpaque.uasset" 122
"../../../Engine/Content/EngineMaterials/DefaultVirtualTextureMaterial.uasset" 123
"../../../Engine/Content/EngineMaterials/DefaultWhiteGrid.uasset" 124
"../../../Engine/Content/EngineMaterials/EditorBrushMaterial.uasset" 125
"../../../Engine/Content/EngineMaterials/DefaultWhiteGrid_Low.uasset" 126
"../../../Engine/Content/EngineMaterials/EmissiveMeshMaterial.uasset" 127
"../../../Engine/Content/EngineMaterials/Good64x64TilingNoiseHighFreq.uasset" 128
"../../../Engine/Content/EngineMaterials/MiniFont.uasset" 129
"../../../Engine/Content/EngineMaterials/InvalidLightmapSettings.uasset" 130
"../../../Engine/Content/EngineMaterials/M_InvalidLightmapSettings.uasset" 131
"../../../Engine/Content/Functions/Engine_MaterialFunctions02/WorldPositionOffset/CameraOffset.uasset" 132
"../../../Engine/Content/EngineMaterials/PhAT_JointLimitMaterial.uasset" 133
"../../../Engine/Content/EngineMaterials/PreintegratedSkinBRDF.uasset" 134
"../../../Engine/Content/EngineMaterials/RemoveSurfaceMaterial.uasset" 135
"../../../Engine/Content/EngineMaterials/WeightMapPlaceholderTexture.uasset" 136
"../../../Engine/Content/EngineResources/WhiteSquareTexture.uasset" 137
"../../../Engine/Content/EngineMaterials/Widget3DPassThrough.uasset" 138
"../../../Engine/Content/EngineMaterials/Widget3DPassThrough_Masked.uasset" 139
"../../../Engine/Content/EngineMaterials/Widget3DPassThrough_Opaque.uasset" 140
"../../../Engine/Content/EngineMaterials/Widget3DPassThrough_Masked_OneSided.uasset" 141
"../../../Engine/Content/EngineMaterials/Widget3DPassThrough_Opaque_OneSided.uasset" 142
"../../../Engine/Content/EngineMaterials/Widget3DPassThrough_Translucent.uasset" 143
"../../../Engine/Content/EngineMaterials/Widget3DPassThrough_Translucent_OneSided.uasset" 144
"../../../Engine/Content/EngineMeshes/Cylinder.uasset" 145
"../../../Engine/Content/EngineMeshes/Sphere.uasset" 146
"../../../Engine/Content/EngineResources/DefaultTexture.uasset" 147
"../../../Engine/Content/EngineResources/DefaultTextureCube.uasset" 148
"../../../Engine/Content/EngineResources/DefaultVolumeTexture2D.uasset" 149
"../../../Engine/Content/EngineResources/DefaultVolumeTexture.uasset" 150
"../../../Engine/Content/EngineResources/GradientTexture0.uasset" 151
"../../../Engine/Content/EngineSounds/Master.uasset" 152
"../../../Engine/Content/Functions/Engine_MaterialFunctions01/Shading/ConvertFromDiffSpec.uasset" 153
"../../../Engine/Content/Functions/Engine_MaterialFunctions01/Shading/PowerToRoughness.uasset" 154
"../../../Engine/Content/Maps/Templates/Thumbnails/Default.uasset" 155
"../../../Engine/Content/Maps/Templates/Thumbnails/VR-Basic.uasset" 156
"../../../Engine/Content/MobileResources/T_MobileControls_texture.uasset" 157
"../../../Engine/Content/MobileResources/T_MobileMenu2.uasset" 158
"../../../Engine/Content/MobileResources/HUD/AnalogHat.uasset" 159
"../../../Engine/Content/MobileResources/HUD/VirtualJoystick_Background.uasset" 160
"../../../Engine/Content/MobileResources/HUD/VirtualJoystick_Thumb.uasset" 161
"../../../Engine/Content/MobileResources/HUD/DefaultVirtualJoysticks.uasset" 162
"../../../Engine/Content/MobileResources/HUD/LeftVirtualJoystickOnly.uasset" 163
"../../../Engine/Content/MobileResources/HUD/MobileHUDButton1_off.uasset" 164
"../../../Engine/Content/MobileResources/HUD/MobileHUDButton1_on.uasset" 165
"../../../Engine/Content/MobileResources/HUD/MobileHUDButton2_off.uasset" 166
"../../../Engine/Content/MobileResources/HUD/MobileHUDButton2_on.uasset" 167
"../../../Engine/Content/MobileResources/HUD/MobileHUDButton3.uasset" 168
"../../../Engine/Content/MobileResources/HUD/MobileHUDButtonFire.uasset" 169
"../../../Engine/Content/MobileResources/HUD/MobileHUDDirectionPad.uasset" 170
"../../../Engine/Content/MobileResources/HUD/MobileHUDDirectionPad2.uasset" 171
"../../../Engine/Content/MobileResources/HUD/MobileHUDDirectionPad3.uasset" 172
"../../../Engine/Content/MobileResources/HUD/MobileHUDDirectionStick.uasset" 173
"../../../Engine/Content/MobileResources/HUD/T_Castle_ThumbstickInner.uasset" 174
"../../../Engine/Content/MobileResources/HUD/T_Castle_ThumbstickOutter.uasset" 175
"../../../Engine/Content/Tutorial/ContentIntroCurve.uasset" 176
"../../../Engine/Content/Tutorial/Basics/LevelEditorAttract.uasset" 177
"../../../Engine/Content/Tutorial/Basics/TutorialAssets/icon_tab_Levels_40x.uasset" 178
"../../../Engine/Content/Tutorial/Basics/LevelEditorOverview.uasset" 179
"../../../Engine/Content/VREditor/LaserPointer/VR_LaserPower_01.uasset" 180
"../../../Engine/Content/VREditor/TransformGizmo/TransformGizmoMaterial.uasset" 181
"../../../Engine/Content/VREditor/TransformGizmo/TranslucentTransformGizmoMaterial.uasset" 182
"../../../Engine/Content/VREditor/TransformGizmo/BoundingBoxCorner.uasset" 183
"../../../Engine/Content/VREditor/TransformGizmo/BoundingBoxEdge.uasset" 184
"../../../Engine/Content/VREditor/TransformGizmo/PlaneTranslationHandle.uasset" 185
"../../../Engine/Content/VREditor/TransformGizmo/Main.uasset" 186
"../../../Engine/Content/VREditor/TransformGizmo/Xray.uasset" 187
"../../../Engine/Content/VREditor/TransformGizmo/SM_Sequencer_Key.uasset" 188
"../../../Engine/Content/VREditor/TransformGizmo/SM_Sequencer_Node.uasset" 189
"../../Plugins/2D/Paper2D/Content/PlaceholderTextures/DummySpriteTexture.uasset" 190
"../../Plugins/2D/Paper2D/Content/DummySprite.uasset" 191
"../../Plugins/2D/Paper2D/Content/DefaultPaperTerrainMaterial.uasset" 192
"../../Plugins/2D/Paper2D/Content/DummySpriteTexture.uasset" 193
"../../Plugins/2D/Paper2D/Content/DefaultSpriteMaterial.uasset" 194
"../../Plugins/2D/Paper2D/Content/MaskedUnlitSpriteMaterial.uasset" 195
"../../Plugins/2D/Paper2D/Content/OpaqueUnlitSpriteMaterial.uasset" 196
"../../../Engine/Content/Functions/Engine_MaterialFunctions02/SplitComponents.uasset" 197
"../../../Engine/Content/Functions/Engine_MaterialFunctions02/Utility/MakeFloat3.uasset" 198
"../../../Engine/Content/Functions/Engine_MaterialFunctions01/Chromakeying/DespillByAvg.uasset" 199
"../../../Engine/Content/Functions/Engine_MaterialFunctions01/Chromakeying/DespillManual.uasset" 200
"../../../Engine/Content/Functions/Engine_MaterialFunctions01/ImageAdjustment/SCurve.uasset" 201
"../../../Engine/Content/Functions/Engine_MaterialFunctions02/HueShift.uasset" 202
"../../../Engine/Content/Functions/Engine_MaterialFunctions01/ImageAdjustment/ColorCorrection.uasset" 203
"../../../Engine/Content/Functions/Engine_MaterialFunctions02/Utility/VectorLength.uasset" 204
"../../../Engine/Content/Functions/Engine_MaterialFunctions01/Opacity/Chroma_Key_Alpha.uasset" 205
"../../../Engine/Content/Functions/Engine_MaterialFunctions01/Texturing/UVCropping.uasset" 206
"../../../Engine/Content/EngineResources/Black.uasset" 207
"../../../Engine/Content/MaterialTemplates/Chromakeying/MF_Chromakeyer.uasset" 208
"../../../Engine/Content/Functions/Engine_MaterialFunctions02/PivotPainter2/Black_1x1_EXR_Texture.uasset" 209
"../../Plugins/Compositing/OpenCVLensDistortion/Content/Materials/MF_UVLensDisplacement.uasset" 210
"../../Plugins/Compositing/OpenCVLensDistortion/Content/Materials/MF_UVOutOfBoundMask.uasset" 211
"../../Plugins/Media/MediaFrameworkUtilities/Content/T_DefaultMedia.uasset" 212
"../../Plugins/Media/MediaFrameworkUtilities/Content/T_VideoInputFailed.uasset" 213
"../../Plugins/Media/MediaFrameworkUtilities/Content/M_DefaultMedia.uasset" 214
"../../../Engine/Content/BasicShapes/Plane.uasset" 215
"../../Plugins/Media/MediaFrameworkUtilities/Content/BP_MediaBundle_Plane_16-9.uasset" 216
"../../Plugins/Runtime/Oculus/OculusVR/Content/OculusMR_RenderTarget.uasset" 217
"../../../Engine/Content/Functions/Engine_MaterialFunctions02/Utility/BreakOutFloat4Components.uasset" 218
"../../../Engine/Content/Functions/Engine_MaterialFunctions02/Utility/MakeFloat2.uasset" 219
"../../Plugins/Runtime/Oculus/OculusVR/Content/Materials/OculusMR_ChromaKey.uasset" 220
"../../Plugins/Runtime/Oculus/OculusVR/Content/Materials/OculusMR_ChromaKey_Lit.uasset" 221
"../../Plugins/Runtime/Oculus/OculusVR/Content/Materials/OculusMR_OpaqueColoredMaterial.uasset" 222
"../../Plugins/Runtime/Oculus/OculusVR/Content/Materials/OculusMR_WhiteMaterial.uasset" 223
"../../../Engine/Content/EditorBlueprintResources/StandardMacros.uasset" 224
"../../../Engine/Content/EngineSky/C_Sky_Cloud_Color.uasset" 225
"../../../Engine/Content/EngineSky/C_Sky_Horizon_Color.uasset" 226
"../../../Engine/Content/EngineSky/C_Sky_Zenith_Color.uasset" 227
"../../../Engine/Content/EngineSky/T_Sky_Blue.uasset" 228
"../../../Engine/Content/EngineSky/T_Sky_Clouds_M.uasset" 229
"../../../Engine/Content/EngineSky/T_Sky_Stars.uasset" 230
"../../../Engine/Content/EngineSky/M_Sky_Panning_Clouds2.uasset" 231
"../../../Engine/Content/EngineSky/SM_SkySphere.uasset" 232
"../../../Engine/Content/EngineSky/BP_Sky_Sphere.uasset" 233
"../../../Projects/RockPaperScissors/Content/RPSMain/Sequencers/LS_RoundCamera.uasset" 234
"../../../Projects/RockPaperScissors/Content/RPSMain/Choices/BP_RPSChoice.uasset" 235
"../../../Projects/RockPaperScissors/Content/RPSMain/Sequencers/Opponent/LS_OpponentPaper.uasset" 236
"../../../Projects/RockPaperScissors/Content/RPSMain/Sequencers/Opponent/LS_OpponentRock.uasset" 237
"../../../Projects/RockPaperScissors/Content/RPSMain/Sequencers/Opponent/LS_OpponentScissors.uasset" 238
"../../../Projects/RockPaperScissors/Content/RPSMain/Audio/paper_covers_rock.uasset" 239
"../../../Projects/RockPaperScissors/Content/RPSMain/Sequencers/Opponent/Opposition/LS_OpponentOpposition_Paper.uasset" 240
"../../../Projects/RockPaperScissors/Content/RPSMain/Audio/rock_breaks_scissors.uasset" 241
"../../../Projects/RockPaperScissors/Content/RPSMain/Sequencers/Opponent/Opposition/LS_OpponentOpposition_Rock.uasset" 242
"../../../Projects/RockPaperScissors/Content/RPSMain/Audio/scissors_cut_paper.uasset" 243
"../../../Projects/RockPaperScissors/Content/RPSMain/Sequencers/Opponent/Opposition/LS_OpponentOpposition_Scissors.uasset" 244
"../../../Projects/RockPaperScissors/Content/RPSMain/Sequencers/Player/LS_PlayerPaper.uasset" 245
"../../../Projects/RockPaperScissors/Content/RPSMain/Sequencers/Player/LS_PlayerRock.uasset" 246
"../../../Projects/RockPaperScissors/Content/RPSMain/Sequencers/Player/LS_PlayerScissors.uasset" 247
"../../../Projects/RockPaperScissors/Content/RPSMain/Sequencers/Player/Opposition/LS_Player_Opposition_Paper.uasset" 248
"../../../Projects/RockPaperScissors/Content/RPSMain/Sequencers/Player/Opposition/LS_Player_Opposition_Rock.uasset" 249
"../../../Projects/RockPaperScissors/Content/RPSMain/Sequencers/Player/Opposition/LS_Player_Opposition_Scissors.uasset" 250
"../../../Projects/RockPaperScissors/Content/RPSMain/BPS_Round.uasset" 251
"../../../Projects/RockPaperScissors/Content/RPSMain/BP_RPSRound.uasset" 252
"../../../Projects/RockPaperScissors/Content/RPSMain/HUD/Fonts/F_HUDFont.uasset" 253
"../../../Projects/RockPaperScissors/Content/RPSMain/HUD/Fonts/F_MouseMemoirs.uasset" 254
"../../../Projects/RockPaperScissors/Content/RPSMain/HUD/Images/Paper.uasset" 255
"../../../Projects/RockPaperScissors/Content/RPSMain/HUD/Images/Rock.uasset" 256
"../../../Projects/RockPaperScissors/Content/RPSMain/HUD/Images/Scissors.uasset" 257
"../../../Projects/RockPaperScissors/Content/RPSMain/HUD/UWP_RoundResult.uasset" 258
"../../../Projects/RockPaperScissors/Content/RPSMain/HUD/UWP_UI.uasset" 259
"../../../Projects/RockPaperScissors/Content/GameModes/GM_RPS.uasset" 260
"../../../Projects/RockPaperScissors/Content/RPSMain/Meshes/Lamp/LampB/LampDiffuse.uasset" 261
"../../../Projects/RockPaperScissors/Content/RPSMain/Meshes/Lamp/LampB/LampEmission.uasset" 262
"../../../Projects/RockPaperScissors/Content/RPSMain/Meshes/Lamp/LampB/LampMetallic.uasset" 263
"../../../Projects/RockPaperScissors/Content/RPSMain/Meshes/Lamp/LampB/LampRoughness.uasset" 264
"../../../Projects/RockPaperScissors/Content/RPSMain/Meshes/Lamp/LampB/Lamp.uasset" 265
"../../../Projects/RockPaperScissors/Content/RPSMain/Meshes/Lamp/LampB/FloorLamp.uasset" 266
"../../../Projects/RockPaperScissors/Content/RPSMain/Meshes/Lamp/LampB/BP_FloorLamp.uasset" 267
"../../../Projects/RockPaperScissors/Content/RPSMain/Opponent/Model/Anims/Draw/Sitting_Disbelief.uasset" 268
"../../../Projects/RockPaperScissors/Content/RPSMain/Opponent/Model/Anims/Idle/Seated_Idle__1_.uasset" 269
"../../../Projects/RockPaperScissors/Content/RPSMain/Opponent/Model/Anims/Lose/Banging_Fist__1_.uasset" 270
"../../../Projects/RockPaperScissors/Content/RPSMain/Opponent/Model/Anims/Point/Paper.uasset" 271
"../../../Projects/RockPaperScissors/Content/RPSMain/Opponent/Model/Anims/Point/Rock.uasset" 272
"../../../Projects/RockPaperScissors/Content/RPSMain/Opponent/Model/Anims/Point/Scissors.uasset" 273
"../../../Projects/RockPaperScissors/Content/RPSMain/Opponent/Model/Anims/Win/Sitting_Victory__1_.uasset" 274
"../../../Projects/RockPaperScissors/Content/RPSMain/Opponent/Model/Anims/ABP_RPSOpponent.uasset" 275
"../../../Projects/RockPaperScissors/Content/RPSMain/Opponent/AI/BB_Opponent.uasset" 276
"../../../Projects/RockPaperScissors/Content/RPSMain/Opponent/AI/BTD_CanMakeChoice.uasset" 277
"../../../Projects/RockPaperScissors/Content/RPSMain/Opponent/AI/BTD_ChoiceMade.uasset" 278
"../../../Projects/RockPaperScissors/Content/RPSMain/Opponent/AI/BTT_MakeChoice.uasset" 279
"../../../Projects/RockPaperScissors/Content/RPSMain/Opponent/AI/BTT_ResetChoice.uasset" 280
"../../../Projects/RockPaperScissors/Content/RPSMain/Opponent/AI/BTT_RoundAnim.uasset" 281
"../../../Projects/RockPaperScissors/Content/RPSMain/Opponent/AI/BT_Opponent.uasset" 282
"../../../Projects/RockPaperScissors/Content/RPSMain/Opponent/AI/BP_OppAIController.uasset" 283
"../../../Projects/RockPaperScissors/Content/RPSMain/Opponent/BP_RPSOpponent.uasset" 284
"../../../Projects/RockPaperScissors/Content/RPSMain/Sequencers/LS_FadeInRPS.uasset" 285
"../../../Projects/RockPaperScissors/Content/Maps/RPS_BuiltData.uasset" 286
"../../../Engine/Content/BasicShapes/BasicShapeMaterial.uasset" 287
"../../../Projects/RockPaperScissors/Content/StarterContent/Textures/T_Wood_Floor_Walnut_D.uasset" 288
"../../../Projects/RockPaperScissors/Content/RPSMain/Materials/M_Floor.uasset" 289
"../../../Engine/Content/Functions/Engine_MaterialFunctions02/Utility/MakeFloat4.uasset" 290
"../../../Projects/RockPaperScissors/Content/RPSMain/Materials/M_Highlight.uasset" 291
"../../../Projects/RockPaperScissors/Content/RPSMain/Materials/M_WallPaper.uasset" 292
"../../../Projects/RockPaperScissors/Content/RPSMain/Meshes/Paper/ppPaper_1001_BaseColor.uasset" 293
"../../../Projects/RockPaperScissors/Content/RPSMain/Meshes/Paper/ppPaper_1001_Normal.uasset" 294
"../../../Projects/RockPaperScissors/Content/RPSMain/Meshes/Paper/ppPaper_1001_Roughness.uasset" 295
"../../../Projects/RockPaperScissors/Content/RPSMain/Meshes/Paper/M_Paper.uasset" 296
"../../../Projects/RockPaperScissors/Content/RPSMain/Meshes/Scissors/Scissors_high_DefaultMaterial_BaseColor.uasset" 297
"../../../Projects/RockPaperScissors/Content/RPSMain/Meshes/Scissors/Scissors_high_DefaultMaterial_Metallic.uasset" 298
"../../../Projects/RockPaperScissors/Content/RPSMain/Meshes/Scissors/Scissors_high_DefaultMaterial_Normal.uasset" 299
"../../../Projects/RockPaperScissors/Content/RPSMain/Meshes/Scissors/Scissors_high_DefaultMaterial_Roughness.uasset" 300
"../../../Projects/RockPaperScissors/Content/RPSMain/Meshes/Scissors/M_Scissors.uasset" 301
"../../../Projects/RockPaperScissors/Content/RPSMain/Meshes/Table/Desk_Normals_tga.uasset" 302
"../../../Projects/RockPaperScissors/Content/RPSMain/Meshes/Table/Desk_occlusion_tga.uasset" 303
"../../../Projects/RockPaperScissors/Content/RPSMain/Meshes/Table/M_Table.uasset" 304
"../../../Projects/RockPaperScissors/Content/StarterContent/Materials/M_Basic_Floor.uasset" 305
"../../../Projects/RockPaperScissors/Content/StarterContent/Textures/T_Ground_Grass_D.uasset" 306
"../../../Projects/RockPaperScissors/Content/StarterContent/Textures/T_Ground_Grass_N.uasset" 307
"../../../Projects/RockPaperScissors/Content/StarterContent/Textures/T_MacroVariation.uasset" 308
"../../../Projects/RockPaperScissors/Content/StarterContent/Textures/T_Perlin_Noise_M.uasset" 309
"../../../Projects/RockPaperScissors/Content/StarterContent/Materials/M_Ground_Grass.uasset" 310
"../../../Projects/RockPaperScissors/Content/StarterContent/Textures/T_Wood_Walnut_N.uasset" 311
"../../../Projects/RockPaperScissors/Content/StarterContent/Materials/M_Wood_Walnut.uasset" 312
"../../../Engine/Content/Functions/Engine_MaterialFunctions02/Utility/BlendAngleCorrectedNormals.uasset" 313
"../../../Projects/RockPaperScissors/Content/StarterContent/Textures/T_Detail_Rocky_N.uasset" 314
"../../../Projects/RockPaperScissors/Content/StarterContent/Textures/T_Rock_Basalt_D.uasset" 315
"../../../Projects/RockPaperScissors/Content/StarterContent/Textures/T_RockMesh_M.uasset" 316
"../../../Projects/RockPaperScissors/Content/StarterContent/Textures/T_RockMesh_N.uasset" 317
"../../../Projects/RockPaperScissors/Content/StarterContent/Props/Materials/M_Rock.uasset" 318
"../../../Engine/Content/BasicShapes/Cube.uasset" 319
"../../../Projects/RockPaperScissors/Content/RPSMain/Audio/the-epic-2-by-rafael-krux.uasset" 320
"../../../Projects/RockPaperScissors/Content/RPSMain/Meshes/BookShelfB/Black.uasset" 321
"../../../Projects/RockPaperScissors/Content/RPSMain/Meshes/BookShelfB/Book.uasset" 322
"../../../Projects/RockPaperScissors/Content/RPSMain/Meshes/BookShelfB/Green.uasset" 323
"../../../Projects/RockPaperScissors/Content/RPSMain/Meshes/BookShelfB/Pages_060.uasset" 324
"../../../Projects/RockPaperScissors/Content/RPSMain/Meshes/BookShelfB/Pink.uasset" 325
"../../../Projects/RockPaperScissors/Content/RPSMain/Meshes/BookShelfB/Red.uasset" 326
"../../../Projects/RockPaperScissors/Content/RPSMain/Meshes/BookShelfB/Teal.uasset" 327
"../../../Projects/RockPaperScissors/Content/RPSMain/Meshes/BookShelfB/Yellow.uasset" 328
"../../../Projects/RockPaperScissors/Content/RPSMain/Meshes/BookShelfB/bookshelf_Books.uasset" 329
"../../../Projects/RockPaperScissors/Content/RPSMain/Meshes/BookShelfB/Wood.uasset" 330
"../../../Projects/RockPaperScissors/Content/RPSMain/Meshes/BookShelfB/bookshelf_Bookshelf.uasset" 331
"../../../Projects/RockPaperScissors/Content/RPSMain/Meshes/Bot/Body_Mat.uasset" 332
"../../../Projects/RockPaperScissors/Content/RPSMain/Meshes/Bot/Dark_Mat.uasset" 333
"../../../Projects/RockPaperScissors/Content/RPSMain/Meshes/Bot/Eyes_Mat.uasset" 334
"../../../Projects/RockPaperScissors/Content/RPSMain/Meshes/Bot/Kashima_Mat.uasset" 335
"../../../Projects/RockPaperScissors/Content/RPSMain/Meshes/Bot/Rubber_Mat.uasset" 336
"../../../Projects/RockPaperScissors/Content/RPSMain/Meshes/Bot/Wires_Mat1.uasset" 337
"../../../Projects/RockPaperScissors/Content/StarterContent/Materials/M_Glass.uasset" 338
"../../../Projects/RockPaperScissors/Content/RPSMain/Meshes/Bot/bot2.uasset" 339
"../../../Projects/RockPaperScissors/Content/RPSMain/Meshes/ChairB/chair_and_rack_Chair_and_Rack_BaseColor.uasset" 340
"../../../Projects/RockPaperScissors/Content/RPSMain/Meshes/ChairB/chair_and_rack_Chair_and_Rack_Metallic.uasset" 341
"../../../Projects/RockPaperScissors/Content/RPSMain/Meshes/ChairB/chair_and_rack_Chair_and_Rack_Normal.uasset" 342
"../../../Projects/RockPaperScissors/Content/RPSMain/Meshes/ChairB/chair_and_rack_Chair_and_Rack_Roughness.uasset" 343
"../../../Projects/RockPaperScissors/Content/RPSMain/Meshes/ChairB/Chair_and_Rack.uasset" 344
"../../../Projects/RockPaperScissors/Content/RPSMain/Meshes/ChairB/antique_Chair_Legs_Backside.uasset" 345
"../../../Projects/RockPaperScissors/Content/RPSMain/Meshes/ChairB/antique_Chair_Legs_front.uasset" 346
"../../../Projects/RockPaperScissors/Content/RPSMain/Meshes/ChairB/antique_Chair_Rest_Lower_Part.uasset" 347
"../../../Projects/RockPaperScissors/Content/RPSMain/Meshes/ChairB/antique_Chair_Rest_upper_Part.uasset" 348
"../../../Projects/RockPaperScissors/Content/RPSMain/Meshes/ChairB/antique_Chair_Seat.uasset" 349
"../../../Projects/RockPaperScissors/Content/RPSMain/Meshes/ChairB/antique_Chair_Seat_Bars.uasset" 350
"../../../Projects/RockPaperScissors/Content/RPSMain/Meshes/ChairB/antique_Chair_stability_Bars.uasset" 351
"../../../Projects/RockPaperScissors/Content/RPSMain/Meshes/Door/Door_albedo.uasset" 352
"../../../Projects/RockPaperScissors/Content/RPSMain/Meshes/Door/Door_AO.uasset" 353
"../../../Projects/RockPaperScissors/Content/RPSMain/Meshes/Door/Door_metallic.uasset" 354
"../../../Projects/RockPaperScissors/Content/RPSMain/Meshes/Door/Door_normal.uasset" 355
"../../../Projects/RockPaperScissors/Content/RPSMain/Meshes/Door/Door_roughness.uasset" 356
"../../../Projects/RockPaperScissors/Content/RPSMain/Meshes/Door/Door.uasset" 357
"../../../Projects/RockPaperScissors/Content/RPSMain/Meshes/Door/SM_Door_low.uasset" 358
"../../../Projects/RockPaperScissors/Content/RPSMain/Meshes/Frame/3MetaD1.uasset" 359
"../../../Projects/RockPaperScissors/Content/RPSMain/Meshes/Frame/3MetaD.uasset" 360
"../../../Projects/RockPaperScissors/Content/RPSMain/Meshes/Frame/3MetaDFrame_3MetaD.uasset" 361
"../../../Projects/RockPaperScissors/Content/RPSMain/Meshes/Frame/3MetaDFrame_Full.uasset" 362
"../../../Projects/RockPaperScissors/Content/RPSMain/Meshes/Paper/Paper.uasset" 363
"../../../Projects/RockPaperScissors/Content/RPSMain/Meshes/Rock/StoneBig_n.uasset" 364
"../../../Projects/RockPaperScissors/Content/RPSMain/Meshes/Rock/StoneBig_mtl.uasset" 365
"../../../Projects/RockPaperScissors/Content/RPSMain/Meshes/Rock/StoneBig.uasset" 366
"../../../Projects/RockPaperScissors/Content/RPSMain/Meshes/Scissors/Scissors.uasset" 367
"../../../Projects/RockPaperScissors/Content/RPSMain/Meshes/Scissors/Scissors2.uasset" 368
"../../../Projects/RockPaperScissors/Content/RPSMain/Meshes/Scissors/Scissors3.uasset" 369
"../../../Projects/RockPaperScissors/Content/RPSMain/Meshes/Table/Desk.uasset" 370
"../../../Projects/RockPaperScissors/Content/StarterContent/Architecture/Floor_400x400.uasset" 371
"../../../Projects/RockPaperScissors/Content/StarterContent/Shapes/Shape_Cube.uasset" 372
"../../../Projects/RockPaperScissors/Content/Maps/RPS.umap" 373
"../../../Projects/RockPaperScissors/Content/Movies/MP_Title.uasset" 374
"../../../Projects/RockPaperScissors/Content/Movies/MP_Title_Video.uasset" 375
"../../../Projects/RockPaperScissors/Content/Movies/MP_Title_Video_Mat.uasset" 376
"../../../Projects/RockPaperScissors/Content/TitleScreen/UI/FontMaterials/linedPaper.uasset" 377
"../../../Projects/RockPaperScissors/Content/TitleScreen/UI/FontMaterials/FM_Paper.uasset" 378
"../../../Projects/RockPaperScissors/Content/TitleScreen/UI/FontMaterials/FM_Rock.uasset" 379
"../../../Projects/RockPaperScissors/Content/TitleScreen/UI/FontMaterials/ScissorsSnap.uasset" 380
"../../../Projects/RockPaperScissors/Content/TitleScreen/UI/Images/downKey.uasset" 381
"../../../Projects/RockPaperScissors/Content/TitleScreen/UI/Images/pKey.uasset" 382
"../../../Projects/RockPaperScissors/Content/TitleScreen/UI/Images/rKey.uasset" 383
"../../../Projects/RockPaperScissors/Content/TitleScreen/UI/Images/sKey.uasset" 384
"../../../Projects/RockPaperScissors/Content/TitleScreen/UI/Images/upKey.uasset" 385
"../../../Projects/RockPaperScissors/Content/TitleScreen/UI/UWP_TitleScreen.uasset" 386
"../../../Projects/RockPaperScissors/Content/GameModes/GM_TitleScreen.uasset" 387
"../../../Projects/RockPaperScissors/Content/Maps/TitleScreen_BuiltData.uasset" 388
"../../../Projects/RockPaperScissors/Content/Movies/Title1.uasset" 389
"../../../Projects/RockPaperScissors/Content/Movies/Title2.uasset" 390
"../../../Projects/RockPaperScissors/Content/Movies/Title3.uasset" 391
"../../../Projects/RockPaperScissors/Content/Movies/Title4.uasset" 392
"../../../Projects/RockPaperScissors/Content/Movies/Title5.uasset" 393
"../../../Projects/RockPaperScissors/Content/Movies/Title6.uasset" 394
"../../../Projects/RockPaperScissors/Content/Movies/Title7.uasset" 395
"../../../Projects/RockPaperScissors/Content/Movies/Title8.uasset" 396
"../../../Projects/RockPaperScissors/Content/Movies/Title9.uasset" 397
"../../../Projects/RockPaperScissors/Content/Movies/MPP_TitleScreen.uasset" 398
"../../../Projects/RockPaperScissors/Content/TitleScreen/Audio/audioblocks-just-a-thought_HXOrWvzC8_NWM__1_.uasset" 399
"../../../Projects/RockPaperScissors/Content/Maps/TitleScreen.umap" 400
"../../../Engine/Content/Maps/Entry_BuiltData.uasset" 401
"../../../Engine/Content/Maps/Entry.umap" 402
